[2023-08-21 15:20:07,404 - INFO - train -  >>>> stage Training <<<< started !]
[2023-08-21 15:20:07,404 - ERROR - train - argument of type 'method' is not iterable]
Traceback (most recent call last):
  File "d:\sleep data work\src\train.py", line 38, in <module>
    obj3.training(preprocess_path)
  File "d:\sleep data work\src\train.py", line 15, in training
    preprocess_data = pd.read_csv(path)
  File "D:\sleep data work\sleep-work\lib\site-packages\pandas\io\parsers\readers.py", line 912, in read_csv
    return _read(filepath_or_buffer, kwds)
  File "D:\sleep data work\sleep-work\lib\site-packages\pandas\io\parsers\readers.py", line 577, in _read
    parser = TextFileReader(filepath_or_buffer, **kwds)
  File "D:\sleep data work\sleep-work\lib\site-packages\pandas\io\parsers\readers.py", line 1407, in __init__
    self._engine = self._make_engine(f, self.engine)
  File "D:\sleep data work\sleep-work\lib\site-packages\pandas\io\parsers\readers.py", line 1661, in _make_engine
    self.handles = get_handle(
  File "D:\sleep data work\sleep-work\lib\site-packages\pandas\io\common.py", line 707, in get_handle
    if _is_binary_mode(path_or_buf, mode) and "b" not in mode:
  File "D:\sleep data work\sleep-work\lib\site-packages\pandas\io\common.py", line 1167, in _is_binary_mode
    return isinstance(handle, _get_binary_io_classes()) or "b" in getattr(
TypeError: argument of type 'method' is not iterable
